# JRE version: OpenJDK Runtime Environment (8.0_242-b01) (build 1.8.0_242-release-1644-b01)
# Java VM: OpenJDK 64-Bit Server VM (25.242-b01 mixed mode windows-amd64 compressed oops)
Heap:
 PSYoungGen      total 284160K, used 139454K [0x00000000d5580000, 0x00000000eb100000, 0x0000000100000000)
  eden space 256000K, 51% used [0x00000000d5580000,0x00000000dd5b80c0,0x00000000e4f80000)
  from space 28160K, 28% used [0x00000000e4f80000,0x00000000e5777a08,0x00000000e6b00000)
  to   space 27136K, 0% used [0x00000000e9680000,0x00000000e9680000,0x00000000eb100000)
 ParOldGen       total 114688K, used 58955K [0x0000000080000000, 0x0000000087000000, 0x00000000d5580000)
  object space 114688K, 51% used [0x0000000080000000,0x0000000083992c68,0x0000000087000000)
 Metaspace       used 86487K, capacity 91336K, committed 91608K, reserved 1128448K
  class space    used 11462K, capacity 12431K, committed 12544K, reserved 1048576K
GC Heap History (10 events):
Event: 10.268 GC heap before
{Heap before GC invocations=14 (full 2):
 PSYoungGen      total 180224K, used 49879K [0x00000000d5580000, 0x00000000e4880000, 0x0000000100000000)
  eden space 165888K, 21% used [0x00000000d5580000,0x00000000d783a648,0x00000000df780000)
  from space 14336K, 99% used [0x00000000df780000,0x00000000e057b9a8,0x00000000e0580000)
  to   space 19456K, 0% used [0x00000000e3580000,0x00000000e3580000,0x00000000e4880000)
 ParOldGen       total 78336K, used 27547K [0x0000000080000000, 0x0000000084c80000, 0x00000000d5580000)
  object space 78336K, 35% used [0x0000000080000000,0x0000000081ae6cc8,0x0000000084c80000)
 Metaspace       used 56556K, capacity 58996K, committed 59028K, reserved 1099776K
  class space    used 7461K, capacity 7925K, committed 7936K, reserved 1048576K
Event: 10.285 GC heap after
Heap after GC invocations=14 (full 2):
 PSYoungGen      total 229888K, used 4367K [0x00000000d5580000, 0x00000000e5180000, 0x0000000100000000)
  eden space 210432K, 0% used [0x00000000d5580000,0x00000000d5580000,0x00000000e2300000)
  from space 19456K, 22% used [0x00000000e3580000,0x00000000e39c3cf8,0x00000000e4880000)
  to   space 18944K, 0% used [0x00000000e2300000,0x00000000e2300000,0x00000000e3580000)
 ParOldGen       total 78336K, used 41345K [0x0000000080000000, 0x0000000084c80000, 0x00000000d5580000)
  object space 78336K, 52% used [0x0000000080000000,0x0000000082860790,0x0000000084c80000)
 Metaspace       used 56556K, capacity 58996K, committed 59028K, reserved 1099776K
  class space    used 7461K, capacity 7925K, committed 7936K, reserved 1048576K
}
Event: 10.285 GC heap before
{Heap before GC invocations=15 (full 3):
 PSYoungGen      total 229888K, used 4367K [0x00000000d5580000, 0x00000000e5180000, 0x0000000100000000)
  eden space 210432K, 0% used [0x00000000d5580000,0x00000000d5580000,0x00000000e2300000)
  from space 19456K, 22% used [0x00000000e3580000,0x00000000e39c3cf8,0x00000000e4880000)
  to   space 18944K, 0% used [0x00000000e2300000,0x00000000e2300000,0x00000000e3580000)
 ParOldGen       total 78336K, used 41345K [0x0000000080000000, 0x0000000084c80000, 0x00000000d5580000)
  object space 78336K, 52% used [0x0000000080000000,0x0000000082860790,0x0000000084c80000)
 Metaspace       used 56556K, capacity 58996K, committed 59028K, reserved 1099776K
  class space    used 7461K, capacity 7925K, committed 7936K, reserved 1048576K
Event: 10.509 GC heap after
Heap after GC invocations=15 (full 3):
 PSYoungGen      total 229888K, used 0K [0x00000000d5580000, 0x00000000e5180000, 0x0000000100000000)
  eden space 210432K, 0% used [0x00000000d5580000,0x00000000d5580000,0x00000000e2300000)
  from space 19456K, 0% used [0x00000000e3580000,0x00000000e3580000,0x00000000e4880000)
  to   space 18944K, 0% used [0x00000000e2300000,0x00000000e2300000,0x00000000e3580000)
 ParOldGen       total 114688K, used 31271K [0x0000000080000000, 0x0000000087000000, 0x00000000d5580000)
  object space 114688K, 27% used [0x0000000080000000,0x0000000081e89f00,0x0000000087000000)
 Metaspace       used 56475K, capacity 58752K, committed 59028K, reserved 1099776K
  class space    used 7436K, capacity 7888K, committed 7936K, reserved 1048576K
}
Event: 13.273 GC heap before
{Heap before GC invocations=16 (full 3):
 PSYoungGen      total 229888K, used 210432K [0x00000000d5580000, 0x00000000e5180000, 0x0000000100000000)
  eden space 210432K, 100% used [0x00000000d5580000,0x00000000e2300000,0x00000000e2300000)
  from space 19456K, 0% used [0x00000000e3580000,0x00000000e3580000,0x00000000e4880000)
  to   space 18944K, 0% used [0x00000000e2300000,0x00000000e2300000,0x00000000e3580000)
 ParOldGen       total 114688K, used 31271K [0x0000000080000000, 0x0000000087000000, 0x00000000d5580000)
  object space 114688K, 27% used [0x0000000080000000,0x0000000081e89f00,0x0000000087000000)
 Metaspace       used 68900K, capacity 71912K, committed 72152K, reserved 1112064K
  class space    used 9365K, capacity 9939K, committed 9984K, reserved 1048576K
Event: 13.292 GC heap after
Heap after GC invocations=16 (full 3):
 PSYoungGen      total 229376K, used 18773K [0x00000000d5580000, 0x00000000e8300000, 0x0000000100000000)
  eden space 210432K, 0% used [0x00000000d5580000,0x00000000d5580000,0x00000000e2300000)
  from space 18944K, 99% used [0x00000000e2300000,0x00000000e3555518,0x00000000e3580000)
  to   space 22016K, 0% used [0x00000000e6d80000,0x00000000e6d80000,0x00000000e8300000)
 ParOldGen       total 114688K, used 31279K [0x0000000080000000, 0x0000000087000000, 0x00000000d5580000)
  object space 114688K, 27% used [0x0000000080000000,0x0000000081e8bf00,0x0000000087000000)
 Metaspace       used 68900K, capacity 71912K, committed 72152K, reserved 1112064K
  class space    used 9365K, capacity 9939K, committed 9984K, reserved 1048576K
}
Event: 702.268 GC heap before
{Heap before GC invocations=17 (full 3):
 PSYoungGen      total 229376K, used 229205K [0x00000000d5580000, 0x00000000e8300000, 0x0000000100000000)
  eden space 210432K, 100% used [0x00000000d5580000,0x00000000e2300000,0x00000000e2300000)
  from space 18944K, 99% used [0x00000000e2300000,0x00000000e3555518,0x00000000e3580000)
  to   space 22016K, 0% used [0x00000000e6d80000,0x00000000e6d80000,0x00000000e8300000)
 ParOldGen       total 114688K, used 31279K [0x0000000080000000, 0x0000000087000000, 0x00000000d5580000)
  object space 114688K, 27% used [0x0000000080000000,0x0000000081e8bf00,0x0000000087000000)
 Metaspace       used 82713K, capacity 86978K, committed 87256K, reserved 1124352K
  class space    used 11116K, capacity 11980K, committed 12032K, reserved 1048576K
Event: 702.309 GC heap after
Heap after GC invocations=17 (full 3):
 PSYoungGen      total 278016K, used 21987K [0x00000000d5580000, 0x00000000e8680000, 0x0000000100000000)
  eden space 256000K, 0% used [0x00000000d5580000,0x00000000d5580000,0x00000000e4f80000)
  from space 22016K, 99% used [0x00000000e6d80000,0x00000000e82f8ce0,0x00000000e8300000)
  to   space 28160K, 0% used [0x00000000e4f80000,0x00000000e4f80000,0x00000000e6b00000)
 ParOldGen       total 114688K, used 38706K [0x0000000080000000, 0x0000000087000000, 0x00000000d5580000)
  object space 114688K, 33% used [0x0000000080000000,0x00000000825ccb58,0x0000000087000000)
 Metaspace       used 82713K, capacity 86978K, committed 87256K, reserved 1124352K
  class space    used 11116K, capacity 11980K, committed 12032K, reserved 1048576K
}
Event: 2817.220 GC heap before
{Heap before GC invocations=18 (full 3):
 PSYoungGen      total 278016K, used 277987K [0x00000000d5580000, 0x00000000e8680000, 0x0000000100000000)
  eden space 256000K, 100% used [0x00000000d5580000,0x00000000e4f80000,0x00000000e4f80000)
  from space 22016K, 99% used [0x00000000e6d80000,0x00000000e82f8ce0,0x00000000e8300000)
  to   space 28160K, 0% used [0x00000000e4f80000,0x00000000e4f80000,0x00000000e6b00000)
 ParOldGen       total 114688K, used 38706K [0x0000000080000000, 0x0000000087000000, 0x00000000d5580000)
  object space 114688K, 33% used [0x0000000080000000,0x00000000825ccb58,0x0000000087000000)
 Metaspace       used 84208K, capacity 88628K, committed 88920K, reserved 1126400K
  class space    used 11164K, capacity 12055K, committed 12160K, reserved 1048576K
Event: 2817.264 GC heap after
Heap after GC invocations=18 (full 3):
 PSYoungGen      total 284160K, used 8158K [0x00000000d5580000, 0x00000000eb100000, 0x0000000100000000)
  eden space 256000K, 0% used [0x00000000d5580000,0x00000000d5580000,0x00000000e4f80000)
  from space 28160K, 28% used [0x00000000e4f80000,0x00000000e5777a08,0x00000000e6b00000)
  to   space 27136K, 0% used [0x00000000e9680000,0x00000000e9680000,0x00000000eb100000)
 ParOldGen       total 114688K, used 58955K [0x0000000080000000, 0x0000000087000000, 0x00000000d5580000)
  object space 114688K, 51% used [0x0000000080000000,0x0000000083992c68,0x0000000087000000)
 Metaspace       used 84208K, capacity 88628K, committed 88920K, reserved 1126400K
  class space    used 11164K, capacity 12055K, committed 12160K, reserved 1048576K
}

