# JRE version: OpenJDK Runtime Environment (8.0_242-b01) (build 1.8.0_242-release-1644-b01)
# Java VM: OpenJDK 64-Bit Server VM (25.242-b01 mixed mode windows-amd64 compressed oops)
Heap:
 PSYoungGen      total 301056K, used 11555K [0x00000000d5580000, 0x00000000eec00000, 0x0000000100000000)
  eden space 254464K, 4% used [0x00000000d5580000,0x00000000d60c8eb8,0x00000000e4e00000)
  from space 46592K, 0% used [0x00000000e4e00000,0x00000000e4e00000,0x00000000e7b80000)
  to   space 63488K, 0% used [0x00000000eae00000,0x00000000eae00000,0x00000000eec00000)
 ParOldGen       total 235008K, used 94416K [0x0000000080000000, 0x000000008e580000, 0x00000000d5580000)
  object space 235008K, 40% used [0x0000000080000000,0x0000000085c342a8,0x000000008e580000)
 Metaspace       used 88595K, capacity 93108K, committed 94360K, reserved 1130496K
  class space    used 11864K, capacity 12720K, committed 12976K, reserved 1048576K
GC Heap History (10 events):
Event: 13.124 GC heap before
{Heap before GC invocations=17 (full 3):
 PSYoungGen      total 218112K, used 216392K [0x00000000d5580000, 0x00000000e6880000, 0x0000000100000000)
  eden space 199168K, 100% used [0x00000000d5580000,0x00000000e1800000,0x00000000e1800000)
  from space 18944K, 90% used [0x00000000e1800000,0x00000000e28d2030,0x00000000e2a80000)
  to   space 20992K, 0% used [0x00000000e5400000,0x00000000e5400000,0x00000000e6880000)
 ParOldGen       total 122368K, used 30231K [0x0000000080000000, 0x0000000087780000, 0x00000000d5580000)
  object space 122368K, 24% used [0x0000000080000000,0x0000000081d85f60,0x0000000087780000)
 Metaspace       used 70753K, capacity 74848K, committed 74904K, reserved 1114112K
  class space    used 9921K, capacity 10661K, committed 10672K, reserved 1048576K
Event: 13.174 GC heap after
Heap after GC invocations=17 (full 3):
 PSYoungGen      total 242176K, used 20983K [0x00000000d5580000, 0x00000000e9080000, 0x0000000100000000)
  eden space 221184K, 0% used [0x00000000d5580000,0x00000000d5580000,0x00000000e2d80000)
  from space 20992K, 99% used [0x00000000e5400000,0x00000000e687dd80,0x00000000e6880000)
  to   space 39424K, 0% used [0x00000000e2d80000,0x00000000e2d80000,0x00000000e5400000)
 ParOldGen       total 122368K, used 72114K [0x0000000080000000, 0x0000000087780000, 0x00000000d5580000)
  object space 122368K, 58% used [0x0000000080000000,0x000000008466c9c8,0x0000000087780000)
 Metaspace       used 70753K, capacity 74848K, committed 74904K, reserved 1114112K
  class space    used 9921K, capacity 10661K, committed 10672K, reserved 1048576K
}
Event: 332.974 GC heap before
{Heap before GC invocations=18 (full 3):
 PSYoungGen      total 242176K, used 242167K [0x00000000d5580000, 0x00000000e9080000, 0x0000000100000000)
  eden space 221184K, 100% used [0x00000000d5580000,0x00000000e2d80000,0x00000000e2d80000)
  from space 20992K, 99% used [0x00000000e5400000,0x00000000e687dd80,0x00000000e6880000)
  to   space 39424K, 0% used [0x00000000e2d80000,0x00000000e2d80000,0x00000000e5400000)
 ParOldGen       total 122368K, used 72114K [0x0000000080000000, 0x0000000087780000, 0x00000000d5580000)
  object space 122368K, 58% used [0x0000000080000000,0x000000008466c9c8,0x0000000087780000)
 Metaspace       used 78750K, capacity 83252K, committed 83608K, reserved 1122304K
  class space    used 10761K, capacity 11585K, committed 11696K, reserved 1048576K
Event: 333.016 GC heap after
Heap after GC invocations=18 (full 3):
 PSYoungGen      total 260608K, used 29871K [0x00000000d5580000, 0x00000000ea880000, 0x0000000100000000)
  eden space 221184K, 0% used [0x00000000d5580000,0x00000000d5580000,0x00000000e2d80000)
  from space 39424K, 75% used [0x00000000e2d80000,0x00000000e4aabc50,0x00000000e5400000)
  to   space 42496K, 0% used [0x00000000e7f00000,0x00000000e7f00000,0x00000000ea880000)
 ParOldGen       total 122368K, used 72122K [0x0000000080000000, 0x0000000087780000, 0x00000000d5580000)
  object space 122368K, 58% used [0x0000000080000000,0x000000008466e9c8,0x0000000087780000)
 Metaspace       used 78750K, capacity 83252K, committed 83608K, reserved 1122304K
  class space    used 10761K, capacity 11585K, committed 11696K, reserved 1048576K
}
Event: 481.639 GC heap before
{Heap before GC invocations=19 (full 3):
 PSYoungGen      total 260608K, used 251055K [0x00000000d5580000, 0x00000000ea880000, 0x0000000100000000)
  eden space 221184K, 100% used [0x00000000d5580000,0x00000000e2d80000,0x00000000e2d80000)
  from space 39424K, 75% used [0x00000000e2d80000,0x00000000e4aabc50,0x00000000e5400000)
  to   space 42496K, 0% used [0x00000000e7f00000,0x00000000e7f00000,0x00000000ea880000)
 ParOldGen       total 122368K, used 72122K [0x0000000080000000, 0x0000000087780000, 0x00000000d5580000)
  object space 122368K, 58% used [0x0000000080000000,0x000000008466e9c8,0x0000000087780000)
 Metaspace       used 85462K, capacity 90328K, committed 90648K, reserved 1128448K
  class space    used 11537K, capacity 12470K, committed 12592K, reserved 1048576K
Event: 481.683 GC heap after
Heap after GC invocations=19 (full 3):
 PSYoungGen      total 296960K, used 35062K [0x00000000d5580000, 0x00000000ea900000, 0x0000000100000000)
  eden space 254464K, 0% used [0x00000000d5580000,0x00000000d5580000,0x00000000e4e00000)
  from space 42496K, 82% used [0x00000000e7f00000,0x00000000ea13da08,0x00000000ea880000)
  to   space 46592K, 0% used [0x00000000e4e00000,0x00000000e4e00000,0x00000000e7b80000)
 ParOldGen       total 122368K, used 72130K [0x0000000080000000, 0x0000000087780000, 0x00000000d5580000)
  object space 122368K, 58% used [0x0000000080000000,0x00000000846709c8,0x0000000087780000)
 Metaspace       used 85462K, capacity 90328K, committed 90648K, reserved 1128448K
  class space    used 11537K, capacity 12470K, committed 12592K, reserved 1048576K
}
Event: 483.062 GC heap before
{Heap before GC invocations=20 (full 3):
 PSYoungGen      total 296960K, used 289526K [0x00000000d5580000, 0x00000000ea900000, 0x0000000100000000)
  eden space 254464K, 100% used [0x00000000d5580000,0x00000000e4e00000,0x00000000e4e00000)
  from space 42496K, 82% used [0x00000000e7f00000,0x00000000ea13da08,0x00000000ea880000)
  to   space 46592K, 0% used [0x00000000e4e00000,0x00000000e4e00000,0x00000000e7b80000)
 ParOldGen       total 122368K, used 72130K [0x0000000080000000, 0x0000000087780000, 0x00000000d5580000)
  object space 122368K, 58% used [0x0000000080000000,0x00000000846709c8,0x0000000087780000)
 Metaspace       used 88977K, capacity 94240K, committed 94360K, reserved 1130496K
  class space    used 11989K, capacity 12942K, committed 12976K, reserved 1048576K
Event: 483.117 GC heap after
Heap after GC invocations=20 (full 3):
 PSYoungGen      total 301056K, used 46588K [0x00000000d5580000, 0x00000000eec00000, 0x0000000100000000)
  eden space 254464K, 0% used [0x00000000d5580000,0x00000000d5580000,0x00000000e4e00000)
  from space 46592K, 99% used [0x00000000e4e00000,0x00000000e7b7f2c0,0x00000000e7b80000)
  to   space 63488K, 0% used [0x00000000eae00000,0x00000000eae00000,0x00000000eec00000)
 ParOldGen       total 122368K, used 96482K [0x0000000080000000, 0x0000000087780000, 0x00000000d5580000)
  object space 122368K, 78% used [0x0000000080000000,0x0000000085e38ae8,0x0000000087780000)
 Metaspace       used 88977K, capacity 94240K, committed 94360K, reserved 1130496K
  class space    used 11989K, capacity 12942K, committed 12976K, reserved 1048576K
}
Event: 483.117 GC heap before
{Heap before GC invocations=21 (full 4):
 PSYoungGen      total 301056K, used 46588K [0x00000000d5580000, 0x00000000eec00000, 0x0000000100000000)
  eden space 254464K, 0% used [0x00000000d5580000,0x00000000d5580000,0x00000000e4e00000)
  from space 46592K, 99% used [0x00000000e4e00000,0x00000000e7b7f2c0,0x00000000e7b80000)
  to   space 63488K, 0% used [0x00000000eae00000,0x00000000eae00000,0x00000000eec00000)
 ParOldGen       total 122368K, used 96482K [0x0000000080000000, 0x0000000087780000, 0x00000000d5580000)
  object space 122368K, 78% used [0x0000000080000000,0x0000000085e38ae8,0x0000000087780000)
 Metaspace       used 88977K, capacity 94240K, committed 94360K, reserved 1130496K
  class space    used 11989K, capacity 12942K, committed 12976K, reserved 1048576K
Event: 483.377 GC heap after
Heap after GC invocations=21 (full 4):
 PSYoungGen      total 301056K, used 0K [0x00000000d5580000, 0x00000000eec00000, 0x0000000100000000)
  eden space 254464K, 0% used [0x00000000d5580000,0x00000000d5580000,0x00000000e4e00000)
  from space 46592K, 0% used [0x00000000e4e00000,0x00000000e4e00000,0x00000000e7b80000)
  to   space 63488K, 0% used [0x00000000eae00000,0x00000000eae00000,0x00000000eec00000)
 ParOldGen       total 235008K, used 94416K [0x0000000080000000, 0x000000008e580000, 0x00000000d5580000)
  object space 235008K, 40% used [0x0000000080000000,0x0000000085c342a8,0x000000008e580000)
 Metaspace       used 88595K, capacity 93108K, committed 94360K, reserved 1130496K
  class space    used 11864K, capacity 12720K, committed 12976K, reserved 1048576K
}

