# JRE version: OpenJDK Runtime Environment (8.0_242-b01) (build 1.8.0_242-release-1644-b01)
# Java VM: OpenJDK 64-Bit Server VM (25.242-b01 mixed mode windows-amd64 compressed oops)
Heap:
 PSYoungGen      total 350720K, used 86662K [0x00000000d5580000, 0x00000000efd80000, 0x0000000100000000)
  eden space 309248K, 15% used [0x00000000d5580000,0x00000000d8555140,0x00000000e8380000)
  from space 41472K, 90% used [0x00000000e8380000,0x00000000ea84c800,0x00000000eac00000)
  to   space 46592K, 0% used [0x00000000ed000000,0x00000000ed000000,0x00000000efd80000)
 ParOldGen       total 183808K, used 64778K [0x0000000080000000, 0x000000008b380000, 0x00000000d5580000)
  object space 183808K, 35% used [0x0000000080000000,0x0000000083f42af8,0x000000008b380000)
 Metaspace       used 106173K, capacity 112454K, committed 112728K, reserved 1146880K
  class space    used 14178K, capacity 15395K, committed 15488K, reserved 1048576K
GC Heap History (10 events):
Event: 677.761 GC heap before
{Heap before GC invocations=19 (full 3):
 PSYoungGen      total 273920K, used 227411K [0x00000000d5580000, 0x00000000eab80000, 0x0000000100000000)
  eden space 246272K, 81% used [0x00000000d5580000,0x00000000e1a5a2e8,0x00000000e4600000)
  from space 27648K, 93% used [0x00000000e4600000,0x00000000e5f3aca0,0x00000000e6100000)
  to   space 31744K, 0% used [0x00000000e8c80000,0x00000000e8c80000,0x00000000eab80000)
 ParOldGen       total 118272K, used 50775K [0x0000000080000000, 0x0000000087380000, 0x00000000d5580000)
  object space 118272K, 42% used [0x0000000080000000,0x0000000083195ff8,0x0000000087380000)
 Metaspace       used 93500K, capacity 98228K, committed 98380K, reserved 1134592K
  class space    used 12572K, capacity 13510K, committed 13568K, reserved 1048576K
Event: 677.788 GC heap after
Heap after GC invocations=19 (full 3):
 PSYoungGen      total 313344K, used 31741K [0x00000000d5580000, 0x00000000eb200000, 0x0000000100000000)
  eden space 281600K, 0% used [0x00000000d5580000,0x00000000d5580000,0x00000000e6880000)
  from space 31744K, 99% used [0x00000000e8c80000,0x00000000eab7f680,0x00000000eab80000)
  to   space 36864K, 0% used [0x00000000e6880000,0x00000000e6880000,0x00000000e8c80000)
 ParOldGen       total 118272K, used 51160K [0x0000000080000000, 0x0000000087380000, 0x00000000d5580000)
  object space 118272K, 43% used [0x0000000080000000,0x00000000831f63c0,0x0000000087380000)
 Metaspace       used 93500K, capacity 98228K, committed 98380K, reserved 1134592K
  class space    used 12572K, capacity 13510K, committed 13568K, reserved 1048576K
}
Event: 677.788 GC heap before
{Heap before GC invocations=20 (full 4):
 PSYoungGen      total 313344K, used 31741K [0x00000000d5580000, 0x00000000eb200000, 0x0000000100000000)
  eden space 281600K, 0% used [0x00000000d5580000,0x00000000d5580000,0x00000000e6880000)
  from space 31744K, 99% used [0x00000000e8c80000,0x00000000eab7f680,0x00000000eab80000)
  to   space 36864K, 0% used [0x00000000e6880000,0x00000000e6880000,0x00000000e8c80000)
 ParOldGen       total 118272K, used 51160K [0x0000000080000000, 0x0000000087380000, 0x00000000d5580000)
  object space 118272K, 43% used [0x0000000080000000,0x00000000831f63c0,0x0000000087380000)
 Metaspace       used 93500K, capacity 98228K, committed 98380K, reserved 1134592K
  class space    used 12572K, capacity 13510K, committed 13568K, reserved 1048576K
Event: 678.072 GC heap after
Heap after GC invocations=20 (full 4):
 PSYoungGen      total 313344K, used 0K [0x00000000d5580000, 0x00000000eb200000, 0x0000000100000000)
  eden space 281600K, 0% used [0x00000000d5580000,0x00000000d5580000,0x00000000e6880000)
  from space 31744K, 0% used [0x00000000e8c80000,0x00000000e8c80000,0x00000000eab80000)
  to   space 36864K, 0% used [0x00000000e6880000,0x00000000e6880000,0x00000000e8c80000)
 ParOldGen       total 183808K, used 64754K [0x0000000080000000, 0x000000008b380000, 0x00000000d5580000)
  object space 183808K, 35% used [0x0000000080000000,0x0000000083f3caf8,0x000000008b380000)
 Metaspace       used 93253K, capacity 97492K, committed 98380K, reserved 1134592K
  class space    used 12491K, capacity 13366K, committed 13568K, reserved 1048576K
}
Event: 680.300 GC heap before
{Heap before GC invocations=21 (full 4):
 PSYoungGen      total 313344K, used 281600K [0x00000000d5580000, 0x00000000eb200000, 0x0000000100000000)
  eden space 281600K, 100% used [0x00000000d5580000,0x00000000e6880000,0x00000000e6880000)
  from space 31744K, 0% used [0x00000000e8c80000,0x00000000e8c80000,0x00000000eab80000)
  to   space 36864K, 0% used [0x00000000e6880000,0x00000000e6880000,0x00000000e8c80000)
 ParOldGen       total 183808K, used 64754K [0x0000000080000000, 0x000000008b380000, 0x00000000d5580000)
  object space 183808K, 35% used [0x0000000080000000,0x0000000083f3caf8,0x000000008b380000)
 Metaspace       used 102454K, capacity 108326K, committed 108632K, reserved 1142784K
  class space    used 13765K, capacity 14859K, committed 14976K, reserved 1048576K
Event: 680.327 GC heap after
Heap after GC invocations=21 (full 4):
 PSYoungGen      total 318464K, used 35164K [0x00000000d5580000, 0x00000000edc80000, 0x0000000100000000)
  eden space 281600K, 0% used [0x00000000d5580000,0x00000000d5580000,0x00000000e6880000)
  from space 36864K, 95% used [0x00000000e6880000,0x00000000e8ad7100,0x00000000e8c80000)
  to   space 42496K, 0% used [0x00000000eb300000,0x00000000eb300000,0x00000000edc80000)
 ParOldGen       total 183808K, used 64762K [0x0000000080000000, 0x000000008b380000, 0x00000000d5580000)
  object space 183808K, 35% used [0x0000000080000000,0x0000000083f3eaf8,0x000000008b380000)
 Metaspace       used 102454K, capacity 108326K, committed 108632K, reserved 1142784K
  class space    used 13765K, capacity 14859K, committed 14976K, reserved 1048576K
}
Event: 789.521 GC heap before
{Heap before GC invocations=22 (full 4):
 PSYoungGen      total 318464K, used 316764K [0x00000000d5580000, 0x00000000edc80000, 0x0000000100000000)
  eden space 281600K, 100% used [0x00000000d5580000,0x00000000e6880000,0x00000000e6880000)
  from space 36864K, 95% used [0x00000000e6880000,0x00000000e8ad7100,0x00000000e8c80000)
  to   space 42496K, 0% used [0x00000000eb300000,0x00000000eb300000,0x00000000edc80000)
 ParOldGen       total 183808K, used 64762K [0x0000000080000000, 0x000000008b380000, 0x00000000d5580000)
  object space 183808K, 35% used [0x0000000080000000,0x0000000083f3eaf8,0x000000008b380000)
 Metaspace       used 105322K, capacity 111606K, committed 111960K, reserved 1146880K
  class space    used 14163K, capacity 15375K, committed 15488K, reserved 1048576K
Event: 789.546 GC heap after
Heap after GC invocations=22 (full 4):
 PSYoungGen      total 343552K, used 21539K [0x00000000d5580000, 0x00000000ed480000, 0x0000000100000000)
  eden space 309248K, 0% used [0x00000000d5580000,0x00000000d5580000,0x00000000e8380000)
  from space 34304K, 62% used [0x00000000eb300000,0x00000000ec808d40,0x00000000ed480000)
  to   space 41472K, 0% used [0x00000000e8380000,0x00000000e8380000,0x00000000eac00000)
 ParOldGen       total 183808K, used 64770K [0x0000000080000000, 0x000000008b380000, 0x00000000d5580000)
  object space 183808K, 35% used [0x0000000080000000,0x0000000083f40af8,0x000000008b380000)
 Metaspace       used 105322K, capacity 111606K, committed 111960K, reserved 1146880K
  class space    used 14163K, capacity 15375K, committed 15488K, reserved 1048576K
}
Event: 792.791 GC heap before
{Heap before GC invocations=23 (full 4):
 PSYoungGen      total 343552K, used 330787K [0x00000000d5580000, 0x00000000ed480000, 0x0000000100000000)
  eden space 309248K, 100% used [0x00000000d5580000,0x00000000e8380000,0x00000000e8380000)
  from space 34304K, 62% used [0x00000000eb300000,0x00000000ec808d40,0x00000000ed480000)
  to   space 41472K, 0% used [0x00000000e8380000,0x00000000e8380000,0x00000000eac00000)
 ParOldGen       total 183808K, used 64770K [0x0000000080000000, 0x000000008b380000, 0x00000000d5580000)
  object space 183808K, 35% used [0x0000000080000000,0x0000000083f40af8,0x000000008b380000)
 Metaspace       used 106013K, capacity 112316K, committed 112472K, reserved 1146880K
  class space    used 14176K, capacity 15394K, committed 15488K, reserved 1048576K
Event: 792.824 GC heap after
Heap after GC invocations=23 (full 4):
 PSYoungGen      total 350720K, used 37682K [0x00000000d5580000, 0x00000000efd80000, 0x0000000100000000)
  eden space 309248K, 0% used [0x00000000d5580000,0x00000000d5580000,0x00000000e8380000)
  from space 41472K, 90% used [0x00000000e8380000,0x00000000ea84c800,0x00000000eac00000)
  to   space 46592K, 0% used [0x00000000ed000000,0x00000000ed000000,0x00000000efd80000)
 ParOldGen       total 183808K, used 64778K [0x0000000080000000, 0x000000008b380000, 0x00000000d5580000)
  object space 183808K, 35% used [0x0000000080000000,0x0000000083f42af8,0x000000008b380000)
 Metaspace       used 106013K, capacity 112316K, committed 112472K, reserved 1146880K
  class space    used 14176K, capacity 15394K, committed 15488K, reserved 1048576K
}

