# JRE version: OpenJDK Runtime Environment (8.0_242-b01) (build 1.8.0_242-release-1644-b01)
# Java VM: OpenJDK 64-Bit Server VM (25.242-b01 mixed mode windows-amd64 compressed oops)
Heap:
 PSYoungGen      total 253952K, used 41015K [0x00000000d5580000, 0x00000000e6800000, 0x0000000100000000)
  eden space 235520K, 9% used [0x00000000d5580000,0x00000000d6b91330,0x00000000e3b80000)
  from space 18432K, 99% used [0x00000000e5600000,0x00000000e67fc968,0x00000000e6800000)
  to   space 22528K, 0% used [0x00000000e3c00000,0x00000000e3c00000,0x00000000e5200000)
 ParOldGen       total 120832K, used 75792K [0x0000000080000000, 0x0000000087600000, 0x00000000d5580000)
  object space 120832K, 62% used [0x0000000080000000,0x0000000084a041f0,0x0000000087600000)
 Metaspace       used 87160K, capacity 93222K, committed 93336K, reserved 1128448K
  class space    used 12225K, capacity 13465K, committed 13488K, reserved 1048576K
GC Heap History (10 events):
Event: 9.663 GC heap before
{Heap before GC invocations=15 (full 3):
 PSYoungGen      total 219648K, used 10652K [0x00000000d5580000, 0x00000000e4700000, 0x0000000100000000)
  eden space 200192K, 0% used [0x00000000d5580000,0x00000000d5580000,0x00000000e1900000)
  from space 19456K, 54% used [0x00000000e2b80000,0x00000000e35e7310,0x00000000e3e80000)
  to   space 18944K, 0% used [0x00000000e1900000,0x00000000e1900000,0x00000000e2b80000)
 ParOldGen       total 81408K, used 34552K [0x0000000080000000, 0x0000000084f80000, 0x00000000d5580000)
  object space 81408K, 42% used [0x0000000080000000,0x00000000821be048,0x0000000084f80000)
 Metaspace       used 56763K, capacity 59054K, committed 59160K, reserved 1099776K
  class space    used 7773K, capacity 8218K, committed 8240K, reserved 1048576K
Event: 9.932 GC heap after
Heap after GC invocations=15 (full 3):
 PSYoungGen      total 219648K, used 0K [0x00000000d5580000, 0x00000000e4700000, 0x0000000100000000)
  eden space 200192K, 0% used [0x00000000d5580000,0x00000000d5580000,0x00000000e1900000)
  from space 19456K, 0% used [0x00000000e2b80000,0x00000000e2b80000,0x00000000e3e80000)
  to   space 18944K, 0% used [0x00000000e1900000,0x00000000e1900000,0x00000000e2b80000)
 ParOldGen       total 120832K, used 29709K [0x0000000080000000, 0x0000000087600000, 0x00000000d5580000)
  object space 120832K, 24% used [0x0000000080000000,0x0000000081d03640,0x0000000087600000)
 Metaspace       used 56718K, capacity 58904K, committed 59160K, reserved 1099776K
  class space    used 7760K, capacity 8193K, committed 8240K, reserved 1048576K
}
Event: 12.086 GC heap before
{Heap before GC invocations=16 (full 3):
 PSYoungGen      total 219648K, used 200192K [0x00000000d5580000, 0x00000000e4700000, 0x0000000100000000)
  eden space 200192K, 100% used [0x00000000d5580000,0x00000000e1900000,0x00000000e1900000)
  from space 19456K, 0% used [0x00000000e2b80000,0x00000000e2b80000,0x00000000e3e80000)
  to   space 18944K, 0% used [0x00000000e1900000,0x00000000e1900000,0x00000000e2b80000)
 ParOldGen       total 120832K, used 29709K [0x0000000080000000, 0x0000000087600000, 0x00000000d5580000)
  object space 120832K, 24% used [0x0000000080000000,0x0000000081d03640,0x0000000087600000)
 Metaspace       used 64580K, capacity 67806K, committed 67992K, reserved 1107968K
  class space    used 8961K, capacity 9592K, committed 9648K, reserved 1048576K
Event: 12.099 GC heap after
Heap after GC invocations=16 (full 3):
 PSYoungGen      total 219136K, used 16489K [0x00000000d5580000, 0x00000000e6a80000, 0x0000000100000000)
  eden space 200192K, 0% used [0x00000000d5580000,0x00000000d5580000,0x00000000e1900000)
  from space 18944K, 87% used [0x00000000e1900000,0x00000000e291a5f8,0x00000000e2b80000)
  to   space 20992K, 0% used [0x00000000e5600000,0x00000000e5600000,0x00000000e6a80000)
 ParOldGen       total 120832K, used 29717K [0x0000000080000000, 0x0000000087600000, 0x00000000d5580000)
  object space 120832K, 24% used [0x0000000080000000,0x0000000081d05640,0x0000000087600000)
 Metaspace       used 64580K, capacity 67806K, committed 67992K, reserved 1107968K
  class space    used 8961K, capacity 9592K, committed 9648K, reserved 1048576K
}
Event: 15.085 GC heap before
{Heap before GC invocations=17 (full 3):
 PSYoungGen      total 219136K, used 216681K [0x00000000d5580000, 0x00000000e6a80000, 0x0000000100000000)
  eden space 200192K, 100% used [0x00000000d5580000,0x00000000e1900000,0x00000000e1900000)
  from space 18944K, 87% used [0x00000000e1900000,0x00000000e291a5f8,0x00000000e2b80000)
  to   space 20992K, 0% used [0x00000000e5600000,0x00000000e5600000,0x00000000e6a80000)
 ParOldGen       total 120832K, used 29717K [0x0000000080000000, 0x0000000087600000, 0x00000000d5580000)
  object space 120832K, 24% used [0x0000000080000000,0x0000000081d05640,0x0000000087600000)
 Metaspace       used 68329K, capacity 71732K, committed 71960K, reserved 1112064K
  class space    used 9372K, capacity 10031K, committed 10032K, reserved 1048576K
Event: 15.098 GC heap after
Heap after GC invocations=17 (full 3):
 PSYoungGen      total 253952K, used 18027K [0x00000000d5580000, 0x00000000e6800000, 0x0000000100000000)
  eden space 235520K, 0% used [0x00000000d5580000,0x00000000d5580000,0x00000000e3b80000)
  from space 18432K, 97% used [0x00000000e5600000,0x00000000e679acd8,0x00000000e6800000)
  to   space 22528K, 0% used [0x00000000e3c00000,0x00000000e3c00000,0x00000000e5200000)
 ParOldGen       total 120832K, used 29725K [0x0000000080000000, 0x0000000087600000, 0x00000000d5580000)
  object space 120832K, 24% used [0x0000000080000000,0x0000000081d07640,0x0000000087600000)
 Metaspace       used 68329K, capacity 71732K, committed 71960K, reserved 1112064K
  class space    used 9372K, capacity 10031K, committed 10032K, reserved 1048576K
}
Event: 17.591 GC heap before
{Heap before GC invocations=18 (full 3):
 PSYoungGen      total 253952K, used 253547K [0x00000000d5580000, 0x00000000e6800000, 0x0000000100000000)
  eden space 235520K, 100% used [0x00000000d5580000,0x00000000e3b80000,0x00000000e3b80000)
  from space 18432K, 97% used [0x00000000e5600000,0x00000000e679acd8,0x00000000e6800000)
  to   space 22528K, 0% used [0x00000000e3c00000,0x00000000e3c00000,0x00000000e5200000)
 ParOldGen       total 120832K, used 29725K [0x0000000080000000, 0x0000000087600000, 0x00000000d5580000)
  object space 120832K, 24% used [0x0000000080000000,0x0000000081d07640,0x0000000087600000)
 Metaspace       used 78274K, capacity 82504K, committed 82712K, reserved 1120256K
  class space    used 10723K, capacity 11506K, committed 11568K, reserved 1048576K
Event: 17.621 GC heap after
Heap after GC invocations=18 (full 3):
 PSYoungGen      total 258048K, used 22510K [0x00000000d5580000, 0x00000000e6800000, 0x0000000100000000)
  eden space 235520K, 0% used [0x00000000d5580000,0x00000000d5580000,0x00000000e3b80000)
  from space 22528K, 99% used [0x00000000e3c00000,0x00000000e51fb9d0,0x00000000e5200000)
  to   space 18432K, 0% used [0x00000000e5600000,0x00000000e5600000,0x00000000e6800000)
 ParOldGen       total 120832K, used 39886K [0x0000000080000000, 0x0000000087600000, 0x00000000d5580000)
  object space 120832K, 33% used [0x0000000080000000,0x00000000826f3bc8,0x0000000087600000)
 Metaspace       used 78274K, capacity 82504K, committed 82712K, reserved 1120256K
  class space    used 10723K, capacity 11506K, committed 11568K, reserved 1048576K
}
Event: 19.295 GC heap before
{Heap before GC invocations=19 (full 3):
 PSYoungGen      total 258048K, used 258030K [0x00000000d5580000, 0x00000000e6800000, 0x0000000100000000)
  eden space 235520K, 100% used [0x00000000d5580000,0x00000000e3b80000,0x00000000e3b80000)
  from space 22528K, 99% used [0x00000000e3c00000,0x00000000e51fb9d0,0x00000000e5200000)
  to   space 18432K, 0% used [0x00000000e5600000,0x00000000e5600000,0x00000000e6800000)
 ParOldGen       total 120832K, used 39886K [0x0000000080000000, 0x0000000087600000, 0x00000000d5580000)
  object space 120832K, 33% used [0x0000000080000000,0x00000000826f3bc8,0x0000000087600000)
 Metaspace       used 87096K, capacity 93140K, committed 93336K, reserved 1128448K
  class space    used 12225K, capacity 13464K, committed 13488K, reserved 1048576K
Event: 19.336 GC heap after
Heap after GC invocations=19 (full 3):
 PSYoungGen      total 253952K, used 18418K [0x00000000d5580000, 0x00000000e6800000, 0x0000000100000000)
  eden space 235520K, 0% used [0x00000000d5580000,0x00000000d5580000,0x00000000e3b80000)
  from space 18432K, 99% used [0x00000000e5600000,0x00000000e67fc968,0x00000000e6800000)
  to   space 22528K, 0% used [0x00000000e3c00000,0x00000000e3c00000,0x00000000e5200000)
 ParOldGen       total 120832K, used 75792K [0x0000000080000000, 0x0000000087600000, 0x00000000d5580000)
  object space 120832K, 62% used [0x0000000080000000,0x0000000084a041f0,0x0000000087600000)
 Metaspace       used 87096K, capacity 93140K, committed 93336K, reserved 1128448K
  class space    used 12225K, capacity 13464K, committed 13488K, reserved 1048576K
}

