# JRE version: OpenJDK Runtime Environment (8.0_242-b01) (build 1.8.0_242-release-1644-b01)
# Java VM: OpenJDK 64-Bit Server VM (25.242-b01 mixed mode windows-amd64 compressed oops)
Heap:
 PSYoungGen      total 254976K, used 119779K [0x00000000d5580000, 0x00000000e6580000, 0x0000000100000000)
  eden space 231424K, 41% used [0x00000000d5580000,0x00000000db3804e0,0x00000000e3780000)
  from space 23552K, 99% used [0x00000000e3780000,0x00000000e4e78a20,0x00000000e4e80000)
  to   space 20992K, 0% used [0x00000000e5100000,0x00000000e5100000,0x00000000e6580000)
 ParOldGen       total 122368K, used 47017K [0x0000000080000000, 0x0000000087780000, 0x00000000d5580000)
  object space 122368K, 38% used [0x0000000080000000,0x0000000082dea550,0x0000000087780000)
 Metaspace       used 79748K, capacity 84098K, committed 84248K, reserved 1122304K
  class space    used 10983K, capacity 11776K, committed 11824K, reserved 1048576K
GC Heap History (10 events):
Event: 8.934 GC heap before
{Heap before GC invocations=14 (full 2):
 PSYoungGen      total 171520K, used 43631K [0x00000000d5580000, 0x00000000e3b00000, 0x0000000100000000)
  eden space 158720K, 19% used [0x00000000d5580000,0x00000000d739cc10,0x00000000df080000)
  from space 12800K, 99% used [0x00000000df080000,0x00000000dfcff320,0x00000000dfd00000)
  to   space 19456K, 0% used [0x00000000e2800000,0x00000000e2800000,0x00000000e3b00000)
 ParOldGen       total 81920K, used 30096K [0x0000000080000000, 0x0000000085000000, 0x00000000d5580000)
  object space 81920K, 36% used [0x0000000080000000,0x0000000081d64190,0x0000000085000000)
 Metaspace       used 56700K, capacity 59006K, committed 59160K, reserved 1099776K
  class space    used 7756K, capacity 8226K, committed 8240K, reserved 1048576K
Event: 8.948 GC heap after
Heap after GC invocations=14 (full 2):
 PSYoungGen      total 216064K, used 10884K [0x00000000d5580000, 0x00000000e4080000, 0x0000000100000000)
  eden space 196608K, 0% used [0x00000000d5580000,0x00000000d5580000,0x00000000e1580000)
  from space 19456K, 55% used [0x00000000e2800000,0x00000000e32a1228,0x00000000e3b00000)
  to   space 18944K, 0% used [0x00000000e1580000,0x00000000e1580000,0x00000000e2800000)
 ParOldGen       total 81920K, used 34850K [0x0000000080000000, 0x0000000085000000, 0x00000000d5580000)
  object space 81920K, 42% used [0x0000000080000000,0x0000000082208930,0x0000000085000000)
 Metaspace       used 56700K, capacity 59006K, committed 59160K, reserved 1099776K
  class space    used 7756K, capacity 8226K, committed 8240K, reserved 1048576K
}
Event: 8.948 GC heap before
{Heap before GC invocations=15 (full 3):
 PSYoungGen      total 216064K, used 10884K [0x00000000d5580000, 0x00000000e4080000, 0x0000000100000000)
  eden space 196608K, 0% used [0x00000000d5580000,0x00000000d5580000,0x00000000e1580000)
  from space 19456K, 55% used [0x00000000e2800000,0x00000000e32a1228,0x00000000e3b00000)
  to   space 18944K, 0% used [0x00000000e1580000,0x00000000e1580000,0x00000000e2800000)
 ParOldGen       total 81920K, used 34850K [0x0000000080000000, 0x0000000085000000, 0x00000000d5580000)
  object space 81920K, 42% used [0x0000000080000000,0x0000000082208930,0x0000000085000000)
 Metaspace       used 56700K, capacity 59006K, committed 59160K, reserved 1099776K
  class space    used 7756K, capacity 8226K, committed 8240K, reserved 1048576K
Event: 9.180 GC heap after
Heap after GC invocations=15 (full 3):
 PSYoungGen      total 216064K, used 0K [0x00000000d5580000, 0x00000000e4080000, 0x0000000100000000)
  eden space 196608K, 0% used [0x00000000d5580000,0x00000000d5580000,0x00000000e1580000)
  from space 19456K, 0% used [0x00000000e2800000,0x00000000e2800000,0x00000000e3b00000)
  to   space 18944K, 0% used [0x00000000e1580000,0x00000000e1580000,0x00000000e2800000)
 ParOldGen       total 122368K, used 30092K [0x0000000080000000, 0x0000000087780000, 0x00000000d5580000)
  object space 122368K, 24% used [0x0000000080000000,0x0000000081d63230,0x0000000087780000)
 Metaspace       used 56698K, capacity 59000K, committed 59160K, reserved 1099776K
  class space    used 7755K, capacity 8225K, committed 8240K, reserved 1048576K
}
Event: 11.622 GC heap before
{Heap before GC invocations=16 (full 3):
 PSYoungGen      total 216064K, used 196608K [0x00000000d5580000, 0x00000000e4080000, 0x0000000100000000)
  eden space 196608K, 100% used [0x00000000d5580000,0x00000000e1580000,0x00000000e1580000)
  from space 19456K, 0% used [0x00000000e2800000,0x00000000e2800000,0x00000000e3b00000)
  to   space 18944K, 0% used [0x00000000e1580000,0x00000000e1580000,0x00000000e2800000)
 ParOldGen       total 122368K, used 30092K [0x0000000080000000, 0x0000000087780000, 0x00000000d5580000)
  object space 122368K, 24% used [0x0000000080000000,0x0000000081d63230,0x0000000087780000)
 Metaspace       used 64447K, capacity 67724K, committed 67992K, reserved 1107968K
  class space    used 8934K, capacity 9537K, committed 9648K, reserved 1048576K
Event: 11.637 GC heap after
Heap after GC invocations=16 (full 3):
 PSYoungGen      total 215552K, used 18914K [0x00000000d5580000, 0x00000000e6680000, 0x0000000100000000)
  eden space 196608K, 0% used [0x00000000d5580000,0x00000000d5580000,0x00000000e1580000)
  from space 18944K, 99% used [0x00000000e1580000,0x00000000e27f8a50,0x00000000e2800000)
  to   space 22016K, 0% used [0x00000000e5100000,0x00000000e5100000,0x00000000e6680000)
 ParOldGen       total 122368K, used 31793K [0x0000000080000000, 0x0000000087780000, 0x00000000d5580000)
  object space 122368K, 25% used [0x0000000080000000,0x0000000081f0c740,0x0000000087780000)
 Metaspace       used 64447K, capacity 67724K, committed 67992K, reserved 1107968K
  class space    used 8934K, capacity 9537K, committed 9648K, reserved 1048576K
}
Event: 13.951 GC heap before
{Heap before GC invocations=17 (full 3):
 PSYoungGen      total 215552K, used 215522K [0x00000000d5580000, 0x00000000e6680000, 0x0000000100000000)
  eden space 196608K, 100% used [0x00000000d5580000,0x00000000e1580000,0x00000000e1580000)
  from space 18944K, 99% used [0x00000000e1580000,0x00000000e27f8a50,0x00000000e2800000)
  to   space 22016K, 0% used [0x00000000e5100000,0x00000000e5100000,0x00000000e6680000)
 ParOldGen       total 122368K, used 31793K [0x0000000080000000, 0x0000000087780000, 0x00000000d5580000)
  object space 122368K, 25% used [0x0000000080000000,0x0000000081f0c740,0x0000000087780000)
 Metaspace       used 70778K, capacity 74286K, committed 74648K, reserved 1114112K
  class space    used 9655K, capacity 10292K, committed 10416K, reserved 1048576K
Event: 13.969 GC heap after
Heap after GC invocations=17 (full 3):
 PSYoungGen      total 252416K, used 16653K [0x00000000d5580000, 0x00000000e6580000, 0x0000000100000000)
  eden space 231424K, 0% used [0x00000000d5580000,0x00000000d5580000,0x00000000e3780000)
  from space 20992K, 79% used [0x00000000e5100000,0x00000000e6143450,0x00000000e6580000)
  to   space 23552K, 0% used [0x00000000e3780000,0x00000000e3780000,0x00000000e4e80000)
 ParOldGen       total 122368K, used 31801K [0x0000000080000000, 0x0000000087780000, 0x00000000d5580000)
  object space 122368K, 25% used [0x0000000080000000,0x0000000081f0e740,0x0000000087780000)
 Metaspace       used 70778K, capacity 74286K, committed 74648K, reserved 1114112K
  class space    used 9655K, capacity 10292K, committed 10416K, reserved 1048576K
}
Event: 15.709 GC heap before
{Heap before GC invocations=18 (full 3):
 PSYoungGen      total 252416K, used 248077K [0x00000000d5580000, 0x00000000e6580000, 0x0000000100000000)
  eden space 231424K, 100% used [0x00000000d5580000,0x00000000e3780000,0x00000000e3780000)
  from space 20992K, 79% used [0x00000000e5100000,0x00000000e6143450,0x00000000e6580000)
  to   space 23552K, 0% used [0x00000000e3780000,0x00000000e3780000,0x00000000e4e80000)
 ParOldGen       total 122368K, used 31801K [0x0000000080000000, 0x0000000087780000, 0x00000000d5580000)
  object space 122368K, 25% used [0x0000000080000000,0x0000000081f0e740,0x0000000087780000)
 Metaspace       used 75791K, capacity 79678K, committed 79896K, reserved 1118208K
  class space    used 10315K, capacity 11018K, committed 11056K, reserved 1048576K
Event: 15.738 GC heap after
Heap after GC invocations=18 (full 3):
 PSYoungGen      total 254976K, used 23522K [0x00000000d5580000, 0x00000000e6580000, 0x0000000100000000)
  eden space 231424K, 0% used [0x00000000d5580000,0x00000000d5580000,0x00000000e3780000)
  from space 23552K, 99% used [0x00000000e3780000,0x00000000e4e78a20,0x00000000e4e80000)
  to   space 20992K, 0% used [0x00000000e5100000,0x00000000e5100000,0x00000000e6580000)
 ParOldGen       total 122368K, used 47017K [0x0000000080000000, 0x0000000087780000, 0x00000000d5580000)
  object space 122368K, 38% used [0x0000000080000000,0x0000000082dea550,0x0000000087780000)
 Metaspace       used 75791K, capacity 79678K, committed 79896K, reserved 1118208K
  class space    used 10315K, capacity 11018K, committed 11056K, reserved 1048576K
}

