# JRE version: OpenJDK Runtime Environment (8.0_242-b01) (build 1.8.0_242-release-1644-b01)
# Java VM: OpenJDK 64-Bit Server VM (25.242-b01 mixed mode windows-amd64 compressed oops)
Heap:
 PSYoungGen      total 246272K, used 246253K [0x00000000d5580000, 0x00000000e7f00000, 0x0000000100000000)
  eden space 208896K, 100% used [0x00000000d5580000,0x00000000e2180000,0x00000000e2180000)
  from space 37376K, 99% used [0x00000000e2180000,0x00000000e45fb620,0x00000000e4600000)
  to   space 20992K, 99% used [0x00000000e4600000,0x00000000e5a7d658,0x00000000e5a80000)
 ParOldGen       total 128512K, used 128382K [0x0000000080000000, 0x0000000087d80000, 0x00000000d5580000)
  object space 128512K, 99% used [0x0000000080000000,0x0000000087d65478,0x0000000087d80000)
 Metaspace       used 76389K, capacity 80992K, committed 81176K, reserved 1118208K
  class space    used 10651K, capacity 11489K, committed 11568K, reserved 1048576K
GC Heap History (10 events):
Event: 8.768 GC heap after
Heap after GC invocations=14 (full 2):
 PSYoungGen      total 210432K, used 10987K [0x00000000d5580000, 0x00000000e3900000, 0x0000000100000000)
  eden space 191488K, 0% used [0x00000000d5580000,0x00000000d5580000,0x00000000e1080000)
  from space 18944K, 57% used [0x00000000e2300000,0x00000000e2dbacb0,0x00000000e3580000)
  to   space 18944K, 0% used [0x00000000e1080000,0x00000000e1080000,0x00000000e2300000)
 ParOldGen       total 84480K, used 34585K [0x0000000080000000, 0x0000000085280000, 0x00000000d5580000)
  object space 84480K, 40% used [0x0000000080000000,0x00000000821c6670,0x0000000085280000)
 Metaspace       used 56549K, capacity 58908K, committed 59160K, reserved 1099776K
  class space    used 7756K, capacity 8211K, committed 8240K, reserved 1048576K
}
Event: 8.768 GC heap before
{Heap before GC invocations=15 (full 3):
 PSYoungGen      total 210432K, used 10987K [0x00000000d5580000, 0x00000000e3900000, 0x0000000100000000)
  eden space 191488K, 0% used [0x00000000d5580000,0x00000000d5580000,0x00000000e1080000)
  from space 18944K, 57% used [0x00000000e2300000,0x00000000e2dbacb0,0x00000000e3580000)
  to   space 18944K, 0% used [0x00000000e1080000,0x00000000e1080000,0x00000000e2300000)
 ParOldGen       total 84480K, used 34585K [0x0000000080000000, 0x0000000085280000, 0x00000000d5580000)
  object space 84480K, 40% used [0x0000000080000000,0x00000000821c6670,0x0000000085280000)
 Metaspace       used 56549K, capacity 58908K, committed 59160K, reserved 1099776K
  class space    used 7756K, capacity 8211K, committed 8240K, reserved 1048576K
Event: 9.035 GC heap after
Heap after GC invocations=15 (full 3):
 PSYoungGen      total 210432K, used 0K [0x00000000d5580000, 0x00000000e3900000, 0x0000000100000000)
  eden space 191488K, 0% used [0x00000000d5580000,0x00000000d5580000,0x00000000e1080000)
  from space 18944K, 0% used [0x00000000e2300000,0x00000000e2300000,0x00000000e3580000)
  to   space 18944K, 0% used [0x00000000e1080000,0x00000000e1080000,0x00000000e2300000)
 ParOldGen       total 127488K, used 30008K [0x0000000080000000, 0x0000000087c80000, 0x00000000d5580000)
  object space 127488K, 23% used [0x0000000080000000,0x0000000081d4e268,0x0000000087c80000)
 Metaspace       used 56511K, capacity 58782K, committed 59160K, reserved 1099776K
  class space    used 7745K, capacity 8190K, committed 8240K, reserved 1048576K
}
Event: 11.091 GC heap before
{Heap before GC invocations=16 (full 3):
 PSYoungGen      total 210432K, used 191488K [0x00000000d5580000, 0x00000000e3900000, 0x0000000100000000)
  eden space 191488K, 100% used [0x00000000d5580000,0x00000000e1080000,0x00000000e1080000)
  from space 18944K, 0% used [0x00000000e2300000,0x00000000e2300000,0x00000000e3580000)
  to   space 18944K, 0% used [0x00000000e1080000,0x00000000e1080000,0x00000000e2300000)
 ParOldGen       total 127488K, used 30008K [0x0000000080000000, 0x0000000087c80000, 0x00000000d5580000)
  object space 127488K, 23% used [0x0000000080000000,0x0000000081d4e268,0x0000000087c80000)
 Metaspace       used 63752K, capacity 67090K, committed 67352K, reserved 1107968K
  class space    used 8830K, capacity 9468K, committed 9520K, reserved 1048576K
Event: 11.106 GC heap after
Heap after GC invocations=16 (full 3):
 PSYoungGen      total 210432K, used 16675K [0x00000000d5580000, 0x00000000e5a80000, 0x0000000100000000)
  eden space 191488K, 0% used [0x00000000d5580000,0x00000000d5580000,0x00000000e1080000)
  from space 18944K, 88% used [0x00000000e1080000,0x00000000e20c8d68,0x00000000e2300000)
  to   space 20992K, 0% used [0x00000000e4600000,0x00000000e4600000,0x00000000e5a80000)
 ParOldGen       total 127488K, used 30016K [0x0000000080000000, 0x0000000087c80000, 0x00000000d5580000)
  object space 127488K, 23% used [0x0000000080000000,0x0000000081d50268,0x0000000087c80000)
 Metaspace       used 63752K, capacity 67090K, committed 67352K, reserved 1107968K
  class space    used 8830K, capacity 9468K, committed 9520K, reserved 1048576K
}
Event: 12.584 GC heap before
{Heap before GC invocations=17 (full 3):
 PSYoungGen      total 210432K, used 208163K [0x00000000d5580000, 0x00000000e5a80000, 0x0000000100000000)
  eden space 191488K, 100% used [0x00000000d5580000,0x00000000e1080000,0x00000000e1080000)
  from space 18944K, 88% used [0x00000000e1080000,0x00000000e20c8d68,0x00000000e2300000)
  to   space 20992K, 0% used [0x00000000e4600000,0x00000000e4600000,0x00000000e5a80000)
 ParOldGen       total 127488K, used 30016K [0x0000000080000000, 0x0000000087c80000, 0x00000000d5580000)
  object space 127488K, 23% used [0x0000000080000000,0x0000000081d50268,0x0000000087c80000)
 Metaspace       used 69700K, capacity 73538K, committed 73752K, reserved 1112064K
  class space    used 9751K, capacity 10422K, committed 10544K, reserved 1048576K
Event: 12.636 GC heap after
Heap after GC invocations=17 (full 3):
 PSYoungGen      total 229888K, used 20986K [0x00000000d5580000, 0x00000000e7f00000, 0x0000000100000000)
  eden space 208896K, 0% used [0x00000000d5580000,0x00000000d5580000,0x00000000e2180000)
  from space 20992K, 99% used [0x00000000e4600000,0x00000000e5a7eb58,0x00000000e5a80000)
  to   space 37376K, 0% used [0x00000000e2180000,0x00000000e2180000,0x00000000e4600000)
 ParOldGen       total 127488K, used 65869K [0x0000000080000000, 0x0000000087c80000, 0x00000000d5580000)
  object space 127488K, 51% used [0x0000000080000000,0x00000000840534b8,0x0000000087c80000)
 Metaspace       used 69700K, capacity 73538K, committed 73752K, reserved 1112064K
  class space    used 9751K, capacity 10422K, committed 10544K, reserved 1048576K
}
Event: 14.503 GC heap before
{Heap before GC invocations=18 (full 3):
 PSYoungGen      total 229888K, used 229882K [0x00000000d5580000, 0x00000000e7f00000, 0x0000000100000000)
  eden space 208896K, 100% used [0x00000000d5580000,0x00000000e2180000,0x00000000e2180000)
  from space 20992K, 99% used [0x00000000e4600000,0x00000000e5a7eb58,0x00000000e5a80000)
  to   space 37376K, 0% used [0x00000000e2180000,0x00000000e2180000,0x00000000e4600000)
 ParOldGen       total 127488K, used 65869K [0x0000000080000000, 0x0000000087c80000, 0x00000000d5580000)
  object space 127488K, 51% used [0x0000000080000000,0x00000000840534b8,0x0000000087c80000)
 Metaspace       used 72600K, capacity 77090K, committed 77336K, reserved 1116160K
  class space    used 10154K, capacity 10966K, committed 11056K, reserved 1048576K
Event: 14.561 GC heap after
Heap after GC invocations=18 (full 3):
 PSYoungGen      total 246272K, used 37357K [0x00000000d5580000, 0x00000000e7f00000, 0x0000000100000000)
  eden space 208896K, 0% used [0x00000000d5580000,0x00000000d5580000,0x00000000e2180000)
  from space 37376K, 99% used [0x00000000e2180000,0x00000000e45fb620,0x00000000e4600000)
  to   space 20992K, 0% used [0x00000000e4600000,0x00000000e4600000,0x00000000e5a80000)
 ParOldGen       total 127488K, used 94905K [0x0000000080000000, 0x0000000087c80000, 0x00000000d5580000)
  object space 127488K, 74% used [0x0000000080000000,0x0000000085cae598,0x0000000087c80000)
 Metaspace       used 72600K, capacity 77090K, committed 77336K, reserved 1116160K
  class space    used 10154K, capacity 10966K, committed 11056K, reserved 1048576K
}
Event: 16.289 GC heap before
{Heap before GC invocations=19 (full 3):
 PSYoungGen      total 246272K, used 246253K [0x00000000d5580000, 0x00000000e7f00000, 0x0000000100000000)
  eden space 208896K, 100% used [0x00000000d5580000,0x00000000e2180000,0x00000000e2180000)
  from space 37376K, 99% used [0x00000000e2180000,0x00000000e45fb620,0x00000000e4600000)
  to   space 20992K, 0% used [0x00000000e4600000,0x00000000e4600000,0x00000000e5a80000)
 ParOldGen       total 127488K, used 94905K [0x0000000080000000, 0x0000000087c80000, 0x00000000d5580000)
  object space 127488K, 74% used [0x0000000080000000,0x0000000085cae598,0x0000000087c80000)
 Metaspace       used 76389K, capacity 80992K, committed 81176K, reserved 1118208K
  class space    used 10651K, capacity 11489K, committed 11568K, reserved 1048576K

